INFO:     Started server process [15396]
INFO:     Waiting for application startup.
INFO:     Application startup complete.
INFO:     Uvicorn running on http://0.0.0.0:8000 (Press CTRL+C to quit)
INFO:     192.168.34.51:33060 - "WebSocket /ws" [accepted]
INFO:     connection open
INFO:     192.168.34.51:33076 - "WebSocket /ws" [accepted]
INFO:     connection open
INFO:     192.168.34.51:33092 - "WebSocket /ws" [accepted]
INFO:     connection open
INFO:     192.168.34.51:33106 - "WebSocket /ws" [accepted]
INFO:     connection open
INFO:     192.168.34.51:33108 - "WebSocket /ws" [accepted]
INFO:     connection open
INFO:     192.168.34.51:33122 - "WebSocket /ws" [accepted]
INFO:     connection open
INFO:     192.168.34.51:33132 - "WebSocket /ws" [accepted]
INFO:     connection open
INFO:     192.168.34.51:33138 - "WebSocket /ws" [accepted]
INFO:     192.168.34.51:33144 - "WebSocket /ws" [accepted]
INFO:     connection open
INFO:     connection open
INFO:     192.168.34.51:33146 - "WebSocket /ws" [accepted]
INFO:     connection open
INFO:     192.168.34.51:33160 - "WebSocket /ws" [accepted]
INFO:     192.168.34.51:33168 - "WebSocket /ws" [accepted]
INFO:     connection open
INFO:     connection open
INFO:     192.168.34.51:33176 - "WebSocket /ws" [accepted]
INFO:     192.168.34.51:33190 - "WebSocket /ws" [accepted]
INFO:     192.168.34.51:33200 - "WebSocket /ws" [accepted]
INFO:     connection open
INFO:     connection open
INFO:     connection open
/Users/revengecompany/AndroidStudioProjects/PrincessAI/backend/search_engine.py:22: RuntimeWarning: This package (`duckduckgo_search`) has been renamed to `ddgs`! Use `pip install ddgs` instead.
  with DDGS() as ddgs:
/Users/revengecompany/AndroidStudioProjects/PrincessAI/backend/search_engine.py:22: RuntimeWarning: This package (`duckduckgo_search`) has been renamed to `ddgs`! Use `pip install ddgs` instead.
  with DDGS() as ddgs:
/Users/revengecompany/AndroidStudioProjects/PrincessAI/backend/search_engine.py:22: RuntimeWarning: This package (`duckduckgo_search`) has been renamed to `ddgs`! Use `pip install ddgs` instead.
  with DDGS() as ddgs:
/Users/revengecompany/AndroidStudioProjects/PrincessAI/backend/search_engine.py:22: RuntimeWarning: This package (`duckduckgo_search`) has been renamed to `ddgs`! Use `pip install ddgs` instead.
  with DDGS() as ddgs:
/Users/revengecompany/AndroidStudioProjects/PrincessAI/backend/search_engine.py:22: RuntimeWarning: This package (`duckduckgo_search`) has been renamed to `ddgs`! Use `pip install ddgs` instead.
  with DDGS() as ddgs:
/Users/revengecompany/AndroidStudioProjects/PrincessAI/backend/search_engine.py:22: RuntimeWarning: This package (`duckduckgo_search`) has been renamed to `ddgs`! Use `pip install ddgs` instead.
  with DDGS() as ddgs:
/Users/revengecompany/AndroidStudioProjects/PrincessAI/backend/search_engine.py:22: RuntimeWarning: This package (`duckduckgo_search`) has been renamed to `ddgs`! Use `pip install ddgs` instead.
  with DDGS() as ddgs:
/Users/revengecompany/AndroidStudioProjects/PrincessAI/backend/search_engine.py:22: RuntimeWarning: This package (`duckduckgo_search`) has been renamed to `ddgs`! Use `pip install ddgs` instead.
  with DDGS() as ddgs:
/Users/revengecompany/AndroidStudioProjects/PrincessAI/backend/search_engine.py:22: RuntimeWarning: This package (`duckduckgo_search`) has been renamed to `ddgs`! Use `pip install ddgs` instead.
  with DDGS() as ddgs:
/Users/revengecompany/AndroidStudioProjects/PrincessAI/backend/search_engine.py:22: RuntimeWarning: This package (`duckduckgo_search`) has been renamed to `ddgs`! Use `pip install ddgs` instead.
  with DDGS() as ddgs:
/Users/revengecompany/AndroidStudioProjects/PrincessAI/backend/search_engine.py:22: RuntimeWarning: This package (`duckduckgo_search`) has been renamed to `ddgs`! Use `pip install ddgs` instead.
  with DDGS() as ddgs:
INFO:     connection closed
INFO:     connection closed
/Users/revengecompany/AndroidStudioProjects/PrincessAI/backend/venv/lib/python3.13/site-packages/websockets/legacy/server.py:1178: DeprecationWarning: remove second argument of ws_handler
  warnings.warn("remove second argument of ws_handler", DeprecationWarning)
/Users/revengecompany/AndroidStudioProjects/PrincessAI/backend/venv/lib/python3.13/site-packages/websockets/legacy/server.py:1178: DeprecationWarning: remove second argument of ws_handler
  warnings.warn("remove second argument of ws_handler", DeprecationWarning)
INFO:     192.168.34.51:41948 - "WebSocket /ws" [accepted]
INFO:     connection open
INFO:     192.168.34.51:41960 - "WebSocket /ws" [accepted]
INFO:     connection open
/Users/revengecompany/AndroidStudioProjects/PrincessAI/backend/venv/lib/python3.13/site-packages/websockets/legacy/server.py:1178: DeprecationWarning: remove second argument of ws_handler
  warnings.warn("remove second argument of ws_handler", DeprecationWarning)
INFO:     192.168.34.51:42858 - "WebSocket /ws" [accepted]
INFO:     connection open
/Users/revengecompany/AndroidStudioProjects/PrincessAI/backend/venv/lib/python3.13/site-packages/websockets/legacy/server.py:1178: DeprecationWarning: remove second argument of ws_handler
  warnings.warn("remove second argument of ws_handler", DeprecationWarning)
INFO:     192.168.34.51:42868 - "WebSocket /ws" [accepted]
INFO:     connection open
INFO:     connection closed
INFO:     connection closed
INFO:     connection closed
INFO:     connection closed
INFO:     connection closed
INFO:     connection closed
INFO:     connection closed
INFO:     connection closed
INFO:     connection closed
INFO:     connection closed
INFO:     connection closed
INFO:     connection closed
INFO:     connection closed
INFO:     connection closed
INFO:     connection closed
INFO:     connection closed
INFO:     connection closed
/Users/revengecompany/AndroidStudioProjects/PrincessAI/backend/venv/lib/python3.13/site-packages/websockets/legacy/server.py:1178: DeprecationWarning: remove second argument of ws_handler
  warnings.warn("remove second argument of ws_handler", DeprecationWarning)
INFO:     100.94.115.2:53986 - "WebSocket /ws" [accepted]
INFO:     connection open
/Users/revengecompany/AndroidStudioProjects/PrincessAI/backend/search_engine.py:22: RuntimeWarning: This package (`duckduckgo_search`) has been renamed to `ddgs`! Use `pip install ddgs` instead.
  with DDGS() as ddgs:
/Users/revengecompany/AndroidStudioProjects/PrincessAI/backend/search_engine.py:22: RuntimeWarning: This package (`duckduckgo_search`) has been renamed to `ddgs`! Use `pip install ddgs` instead.
  with DDGS() as ddgs:
INFO:     connection closed
/Users/revengecompany/AndroidStudioProjects/PrincessAI/backend/venv/lib/python3.13/site-packages/websockets/legacy/server.py:1178: DeprecationWarning: remove second argument of ws_handler
  warnings.warn("remove second argument of ws_handler", DeprecationWarning)
INFO:     192.168.34.51:58490 - "WebSocket /ws" [accepted]
INFO:     connection open
/Users/revengecompany/AndroidStudioProjects/PrincessAI/backend/search_engine.py:22: RuntimeWarning: This package (`duckduckgo_search`) has been renamed to `ddgs`! Use `pip install ddgs` instead.
  with DDGS() as ddgs:
INFO:     connection closed
/Users/revengecompany/AndroidStudioProjects/PrincessAI/backend/venv/lib/python3.13/site-packages/websockets/legacy/server.py:1178: DeprecationWarning: remove second argument of ws_handler
  warnings.warn("remove second argument of ws_handler", DeprecationWarning)
INFO:     192.168.34.51:43268 - "WebSocket /ws" [accepted]
INFO:     connection open
/Users/revengecompany/AndroidStudioProjects/PrincessAI/backend/search_engine.py:22: RuntimeWarning: This package (`duckduckgo_search`) has been renamed to `ddgs`! Use `pip install ddgs` instead.
  with DDGS() as ddgs:
/Users/revengecompany/AndroidStudioProjects/PrincessAI/backend/search_engine.py:22: RuntimeWarning: This package (`duckduckgo_search`) has been renamed to `ddgs`! Use `pip install ddgs` instead.
  with DDGS() as ddgs:
/Users/revengecompany/AndroidStudioProjects/PrincessAI/backend/search_engine.py:22: RuntimeWarning: This package (`duckduckgo_search`) has been renamed to `ddgs`! Use `pip install ddgs` instead.
  with DDGS() as ddgs:
INFO:     connection closed
/Users/revengecompany/AndroidStudioProjects/PrincessAI/backend/venv/lib/python3.13/site-packages/websockets/legacy/server.py:1178: DeprecationWarning: remove second argument of ws_handler
  warnings.warn("remove second argument of ws_handler", DeprecationWarning)
INFO:     192.168.34.51:44308 - "WebSocket /ws" [accepted]
INFO:     connection open
/Users/revengecompany/AndroidStudioProjects/PrincessAI/backend/venv/lib/python3.13/site-packages/websockets/legacy/server.py:1178: DeprecationWarning: remove second argument of ws_handler
  warnings.warn("remove second argument of ws_handler", DeprecationWarning)
INFO:     192.168.34.51:44318 - "WebSocket /ws" [accepted]
INFO:     connection open
/Users/revengecompany/AndroidStudioProjects/PrincessAI/backend/search_engine.py:22: RuntimeWarning: This package (`duckduckgo_search`) has been renamed to `ddgs`! Use `pip install ddgs` instead.
  with DDGS() as ddgs:
/Users/revengecompany/AndroidStudioProjects/PrincessAI/backend/search_engine.py:22: RuntimeWarning: This package (`duckduckgo_search`) has been renamed to `ddgs`! Use `pip install ddgs` instead.
  with DDGS() as ddgs:
INFO:     connection closed
INFO:     connection closed
